2014-12-06 19:55:44 IN asm_task_control_module.cpp-182L (-1220454592): DEBUG => ++++++++++be accept
2014-12-06 19:55:44 IN asm_task_control_module.cpp-182L (-1220454592): DEBUG => ++++++++++be accept
2014-12-06 19:55:44 IN asm_task_control_module.cpp-184L (-1220454592): DEBUG => ==========af accept
2014-12-06 19:55:44 IN asm_task_control_module.cpp-189L (-1220454592): DEBUG => **********af read buf: , len=-1
2014-12-06 19:55:44 IN asm_task_control_module.cpp-191L (-1220454592): DEBUG => interproxy read error2014-12-06 19:55:45 IN asm_task_control_module.cpp-182L (-1220454592): DEBUG => ++++++++++be accept
2014-12-06 19:55:45 IN asm_task_control_module.cpp-184L (-1220454592): DEBUG => ==========af accept
2014-12-06 19:55:45 IN asm_task_control_module.cpp-189L (-1220454592): DEBUG => **********af read buf: , len=-1
2014-12-06 19:55:45 IN asm_task_control_module.cpp-191L (-1220454592): DEBUG => interproxy read error2014-12-06 19:55:46 IN asm_task_control_module.cpp-182L (-1220454592): DEBUG => ++++++++++be accept
2014-12-06 19:55:46 IN asm_task_control_module.cpp-184L (-1220454592): DEBUG => ==========af accept
2014-12-06 19:55:46 IN asm_task_control_module.cpp-189L (-1220454592): DEBUG => **********af read buf: , len=-1
2014-12-06 19:55:46 IN asm_task_control_module.cpp-191L (-1220454592): DEBUG => interproxy read error2014-12-06 19:55:47 IN asm_task_control_module.cpp-182L (-1220454592): DEBUG => ++++++++++be accept
2014-12-06 19:55:47 IN asm_task_control_module.cpp-184L (-1220454592): DEBUG => ==========af accept
2014-12-06 19:55:47 IN asm_task_control_module.cpp-189L (-1220454592): DEBUG => **********af read buf: , len=-1
2014-12-06 19:55:47 IN asm_task_control_module.cpp-191L (-1220454592): DEBUG => interproxy read error2014-12-06 19:55:48 IN asm_task_control_module.cpp-182L (-1220454592): DEBUG => ++++++++++be accept
2014-12-06 19:55:48 IN asm_task_control_module.cpp-184L (-1220454592): DEBUG => ==========af accept
2014-12-06 19:55:48 IN asm_task_control_module.cpp-189L (-1220454592): DEBUG => **********af read buf: , len=-1
2014-12-06 19:55:48 IN asm_task_control_module.cpp-191L (-1220454592): DEBUG => interproxy read error2014-12-06 19:55:49 IN asm_task_control_module.cpp-182L (-1220454592): DEBUG => ++++++++++be accept
2014-12-06 19:55:49 IN asm_task_control_module.cpp-184L (-1220454592): DEBUG => ==========af accept
2014-12-06 19:55:49 IN asm_task_control_module.cpp-189L (-1220454592): DEBUG => **********af read buf: , len=-1
2014-12-06 19:55:49 IN asm_task_control_module.cpp-191L (-1220454592): DEBUG => interproxy read error2014-12-06 19:55:50 IN asm_task_control_module.cpp-182L (-1220454592): DEBUG => ++++++++++be accept
2014-12-06 19:55:50 IN asm_task_control_module.cpp-184L (-1220454592): DEBUG => ==========af accept
2014-12-06 19:55:50 IN asm_task_control_module.cpp-189L (-1220454592): DEBUG => **********af read buf: , len=-1
2014-12-06 19:55:50 IN asm_task_control_module.cpp-191L (-1220454592): DEBUG => interproxy read error2014-12-06 19:55:51 IN asm_task_control_module.cpp-182L (-1220454592): DEBUG => ++++++++++be accept
2014-12-06 19:55:51 IN asm_task_control_module.cpp-184L (-1220454592): DEBUG => ==========af accept
2014-12-06 19:55:51 IN asm_task_control_module.cpp-189L (-1220454592): DEBUG => **********af read buf: , len=-1
2014-12-06 19:55:51 IN asm_task_control_module.cpp-191L (-1220454592): DEBUG => interproxy read error2014-12-06 19:55:52 IN asm_task_control_module.cpp-182L (-1220454592): DEBUG => ++++++++++be accept
2014-12-06 19:55:52 IN asm_task_control_module.cpp-184L (-1220454592): DEBUG => ==========af accept
2014-12-06 19:55:52 IN asm_task_control_module.cpp-189L (-1220454592): DEBUG => **********af read buf: , len=-1
2014-12-06 19:55:52 IN asm_task_control_module.cpp-191L (-1220454592): DEBUG => interproxy read error2014-12-06 19:55:53 IN asm_task_control_module.cpp-182L (-1220454592): DEBUG => ++++++++++be accept
2014-12-06 19:55:53 IN asm_task_control_module.cpp-184L (-1220454592): DEBUG => ==========af accept
2014-12-06 19:55:53 IN asm_task_control_module.cpp-189L (-1220454592): DEBUG => **********af read buf: , len=-1
2014-12-06 19:55:53 IN asm_task_control_module.cpp-191L (-1220454592): DEBUG => interproxy read error2014-12-06 19:55:54 IN asm_task_control_module.cpp-182L (-1220454592): DEBUG => ++++++++++be accept
2014-12-06 19:55:54 IN asm_task_control_module.cpp-184L (-1220454592): DEBUG => ==========af accept
2014-12-06 19:55:54 IN asm_task_control_module.cpp-189L (-1220454592): DEBUG => **********af read buf: , len=-1
2014-12-06 19:55:54 IN asm_task_control_module.cpp-191L (-1220454592): DEBUG => interproxy read error2014-12-06 20:00:12 IN asm_task_control_module.cpp-182L (-1220290752): DEBUG => ++++++++++be accept
2014-12-06 20:00:12 IN asm_task_control_module.cpp-182L (-1220290752): DEBUG => ++++++++++be accept
2014-12-06 20:00:12 IN asm_task_control_module.cpp-184L (-1220290752): DEBUG => ==========af accept
2014-12-06 20:00:12 IN asm_task_control_module.cpp-189L (-1220290752): DEBUG => **********af read buf: , len=-1
2014-12-06 20:00:12 IN asm_task_control_module.cpp-191L (-1220290752): DEBUG => interproxy read error2014-12-06 20:00:13 IN asm_task_control_module.cpp-182L (-1220290752): DEBUG => ++++++++++be accept
2014-12-06 20:00:13 IN asm_task_control_module.cpp-184L (-1220290752): DEBUG => ==========af accept
2014-12-06 20:00:13 IN asm_task_control_module.cpp-189L (-1220290752): DEBUG => **********af read buf: , len=-1
2014-12-06 20:00:13 IN asm_task_control_module.cpp-191L (-1220290752): DEBUG => interproxy read error2014-12-06 20:00:14 IN asm_task_control_module.cpp-182L (-1220290752): DEBUG => ++++++++++be accept
2014-12-06 20:00:14 IN asm_task_control_module.cpp-184L (-1220290752): DEBUG => ==========af accept
2014-12-06 20:00:14 IN asm_task_control_module.cpp-189L (-1220290752): DEBUG => **********af read buf: , len=-1
2014-12-06 20:00:14 IN asm_task_control_module.cpp-191L (-1220290752): DEBUG => interproxy read error2014-12-06 20:00:15 IN asm_task_control_module.cpp-182L (-1220290752): DEBUG => ++++++++++be accept
2014-12-06 20:00:15 IN asm_task_control_module.cpp-184L (-1220290752): DEBUG => ==========af accept
2014-12-06 20:00:15 IN asm_task_control_module.cpp-189L (-1220290752): DEBUG => **********af read buf: , len=-1
2014-12-06 20:00:15 IN asm_task_control_module.cpp-191L (-1220290752): DEBUG => interproxy read error2014-12-06 20:00:16 IN asm_task_control_module.cpp-182L (-1220290752): DEBUG => ++++++++++be accept
2014-12-06 20:00:16 IN asm_task_control_module.cpp-184L (-1220290752): DEBUG => ==========af accept
2014-12-06 20:00:16 IN asm_task_control_module.cpp-189L (-1220290752): DEBUG => **********af read buf: , len=-1
2014-12-06 20:00:16 IN asm_task_control_module.cpp-191L (-1220290752): DEBUG => interproxy read error2014-12-06 20:00:17 IN asm_task_control_module.cpp-182L (-1220290752): DEBUG => ++++++++++be accept
2014-12-06 20:00:17 IN asm_task_control_module.cpp-184L (-1220290752): DEBUG => ==========af accept
2014-12-06 20:00:17 IN asm_task_control_module.cpp-189L (-1220290752): DEBUG => **********af read buf: , len=-1
2014-12-06 20:00:17 IN asm_task_control_module.cpp-191L (-1220290752): DEBUG => interproxy read error2014-12-06 20:00:18 IN asm_task_control_module.cpp-182L (-1220290752): DEBUG => ++++++++++be accept
2014-12-06 20:00:18 IN asm_task_control_module.cpp-184L (-1220290752): DEBUG => ==========af accept
2014-12-06 20:00:18 IN asm_task_control_module.cpp-189L (-1220290752): DEBUG => **********af read buf: , len=-1
2014-12-06 20:00:18 IN asm_task_control_module.cpp-191L (-1220290752): DEBUG => interproxy read error2014-12-06 20:00:19 IN asm_task_control_module.cpp-182L (-1220290752): DEBUG => ++++++++++be accept
2014-12-06 20:00:19 IN asm_task_control_module.cpp-184L (-1220290752): DEBUG => ==========af accept
2014-12-06 20:00:19 IN asm_task_control_module.cpp-189L (-1220290752): DEBUG => **********af read buf: , len=-1
2014-12-06 20:00:19 IN asm_task_control_module.cpp-191L (-1220290752): DEBUG => interproxy read error2014-12-06 20:00:20 IN asm_task_control_module.cpp-182L (-1220290752): DEBUG => ++++++++++be accept
2014-12-06 20:00:20 IN asm_task_control_module.cpp-184L (-1220290752): DEBUG => ==========af accept
2014-12-06 20:00:20 IN asm_task_control_module.cpp-189L (-1220290752): DEBUG => **********af read buf: , len=-1
2014-12-06 20:00:20 IN asm_task_control_module.cpp-191L (-1220290752): DEBUG => interproxy read error2014-12-06 20:00:21 IN asm_task_control_module.cpp-182L (-1220290752): DEBUG => ++++++++++be accept
2014-12-06 20:00:21 IN asm_task_control_module.cpp-184L (-1220290752): DEBUG => ==========af accept
2014-12-06 20:00:21 IN asm_task_control_module.cpp-189L (-1220290752): DEBUG => **********af read buf: , len=-1
2014-12-06 20:00:21 IN asm_task_control_module.cpp-191L (-1220290752): DEBUG => interproxy read error2014-12-06 20:00:22 IN asm_task_control_module.cpp-182L (-1220290752): DEBUG => ++++++++++be accept
2014-12-06 20:00:22 IN asm_task_control_module.cpp-184L (-1220290752): DEBUG => ==========af accept
2014-12-06 20:00:22 IN asm_task_control_module.cpp-189L (-1220290752): DEBUG => **********af read buf: , len=-1
2014-12-06 20:00:22 IN asm_task_control_module.cpp-191L (-1220290752): DEBUG => interproxy read error2014-12-06 20:00:23 IN asm_task_control_module.cpp-182L (-1220290752): DEBUG => ++++++++++be accept
2014-12-06 20:00:23 IN asm_task_control_module.cpp-184L (-1220290752): DEBUG => ==========af accept
2014-12-06 20:00:23 IN asm_task_control_module.cpp-189L (-1220290752): DEBUG => **********af read buf: , len=-1
2014-12-06 20:00:23 IN asm_task_control_module.cpp-191L (-1220290752): DEBUG => interproxy read error2014-12-06 20:02:30 IN asm_task_control_module.cpp-182L (-1219913920): DEBUG => ++++++++++be accept
2014-12-06 20:02:30 IN asm_task_control_module.cpp-182L (-1219913920): DEBUG => ++++++++++be accept
2014-12-06 20:02:30 IN asm_task_control_module.cpp-184L (-1219913920): DEBUG => ==========af accept
2014-12-06 20:02:30 IN asm_task_control_module.cpp-189L (-1219913920): DEBUG => **********af read buf: , len=-1
2014-12-06 20:02:30 IN asm_task_control_module.cpp-191L (-1219913920): DEBUG => interproxy read error2014-12-06 20:02:31 IN asm_task_control_module.cpp-182L (-1219913920): DEBUG => ++++++++++be accept
2014-12-06 20:02:31 IN asm_task_control_module.cpp-184L (-1219913920): DEBUG => ==========af accept
2014-12-06 20:02:31 IN asm_task_control_module.cpp-189L (-1219913920): DEBUG => **********af read buf: , len=-1
2014-12-06 20:02:31 IN asm_task_control_module.cpp-191L (-1219913920): DEBUG => interproxy read error2014-12-06 20:02:32 IN asm_task_control_module.cpp-182L (-1219913920): DEBUG => ++++++++++be accept
2014-12-06 20:02:32 IN asm_task_control_module.cpp-184L (-1219913920): DEBUG => ==========af accept
2014-12-06 20:02:32 IN asm_task_control_module.cpp-189L (-1219913920): DEBUG => **********af read buf: , len=-1
2014-12-06 20:02:32 IN asm_task_control_module.cpp-191L (-1219913920): DEBUG => interproxy read error2014-12-06 20:06:17 IN asm_task_control_module.cpp-182L (-1220110528): DEBUG => ++++++++++be accept
2014-12-06 20:06:17 IN asm_task_control_module.cpp-182L (-1220110528): DEBUG => ++++++++++be accept
2014-12-06 20:06:17 IN asm_task_control_module.cpp-184L (-1220110528): DEBUG => ==========af accept
2014-12-06 20:06:17 IN asm_task_control_module.cpp-189L (-1220110528): DEBUG => **********af read buf: , len=-1
2014-12-06 20:06:17 IN asm_task_control_module.cpp-191L (-1220110528): DEBUG => interproxy read error2014-12-06 20:06:18 IN asm_task_control_module.cpp-182L (-1220110528): DEBUG => ++++++++++be accept
2014-12-06 20:06:18 IN asm_task_control_module.cpp-184L (-1220110528): DEBUG => ==========af accept
2014-12-06 20:06:18 IN asm_task_control_module.cpp-189L (-1220110528): DEBUG => **********af read buf: , len=-1
2014-12-06 20:06:18 IN asm_task_control_module.cpp-191L (-1220110528): DEBUG => interproxy read error2014-12-06 20:06:19 IN asm_task_control_module.cpp-182L (-1220110528): DEBUG => ++++++++++be accept
2014-12-06 20:06:19 IN asm_task_control_module.cpp-184L (-1220110528): DEBUG => ==========af accept
2014-12-06 20:06:19 IN asm_task_control_module.cpp-189L (-1220110528): DEBUG => **********af read buf: , len=-1
2014-12-06 20:06:19 IN asm_task_control_module.cpp-191L (-1220110528): DEBUG => interproxy read error2014-12-06 20:06:20 IN asm_task_control_module.cpp-182L (-1220110528): DEBUG => ++++++++++be accept
2014-12-06 20:06:20 IN asm_task_control_module.cpp-184L (-1220110528): DEBUG => ==========af accept
2014-12-06 20:06:20 IN asm_task_control_module.cpp-189L (-1220110528): DEBUG => **********af read buf: , len=-1
2014-12-06 20:06:20 IN asm_task_control_module.cpp-191L (-1220110528): DEBUG => interproxy read error2014-12-07 10:16:22 IN asm_task_control_module.cpp-182L (-1220298944): DEBUG => ++++++++++be accept
2014-12-07 10:16:22 IN asm_task_control_module.cpp-184L (-1220298944): DEBUG => ==========af accept
2014-12-07 10:16:22 IN asm_task_control_module.cpp-189L (-1220298944): DEBUG => **********af read buf: , len=-1
2014-12-07 10:16:22 IN asm_task_control_module.cpp-191L (-1220298944): DEBUG => interproxy read error2014-12-07 10:16:22 IN asm_task_control_module.cpp-182L (-1220298944): DEBUG => ++++++++++be accept
2014-12-07 10:16:23 IN asm_task_control_module.cpp-182L (-1220298944): DEBUG => ++++++++++be accept
2014-12-07 10:16:23 IN asm_task_control_module.cpp-184L (-1220298944): DEBUG => ==========af accept
2014-12-07 10:16:23 IN asm_task_control_module.cpp-189L (-1220298944): DEBUG => **********af read buf: , len=-1
2014-12-07 10:16:23 IN asm_task_control_module.cpp-191L (-1220298944): DEBUG => interproxy read error2014-12-07 10:16:24 IN asm_task_control_module.cpp-182L (-1220298944): DEBUG => ++++++++++be accept
2014-12-07 10:16:24 IN asm_task_control_module.cpp-184L (-1220298944): DEBUG => ==========af accept
2014-12-07 10:16:24 IN asm_task_control_module.cpp-189L (-1220298944): DEBUG => **********af read buf: , len=-1
2014-12-07 10:16:24 IN asm_task_control_module.cpp-191L (-1220298944): DEBUG => interproxy read error2014-12-07 10:30:12 IN asm_task_control_module.cpp-182L (-1220184256): DEBUG => ++++++++++be accept
2015-01-01 15:40:08 IN asm_task_control_module.cpp-182L (-1220380864): DEBUG => ++++++++++be accept
2015-01-01 15:40:16 IN asm_task_control_module.cpp-184L (-1220380864): DEBUG => ==========af accept
2015-01-01 15:40:16 IN asm_task_control_module.cpp-189L (-1220380864): DEBUG => **********af read buf:SETUP rtsp://127.0.0.1:6608 RTSP/1.0
CSeq:19493
Require:com.comcast.ngod.s7
OnDemandSessionId:3b9f3742-9c75-4e4f-b133-a664d7e960a9
SessionGroup:SM1
Transport:MP2T/DVBC/UDP;unicast;client=00AF123456DE;destination=127.0.0.1;client_port=7000;bandwidth=2700000
StreamControlProto:priority=1
ApplicationId:001
ApplicationType:1

 , len=335
2015-01-01 15:40:16 IN asm_task_control_module.cpp-209L (-1220380864): DEBUG => *******************************
2015-01-01 15:40:16 IN asm_task_control_module.cpp-182L (-1220380864): DEBUG => ++++++++++be accept
2015-01-01 15:40:16 IN asm_task_control_module.cpp-360L (-1220380864): DEBUG => child process 3448 runing
2015-01-01 15:40:16 IN asm_task_control_module.cpp-276L (-1230931136): DEBUG => ********pthread read buf=SETUP rtsp://127.0.0.1:6608 RTSP/1.0
CSeq:19493
Require:com.comcast.ngod.s7
OnDemandSessionId:3b9f3742-9c75-4e4f-b133-a664d7e960a9
SessionGroup:SM1
Transport:MP2T/DVBC/UDP;unicast;client=00AF123456DE;destination=127.0.0.1;client_port=7000;bandwidth=2700000
StreamControlProto:priority=1
ApplicationId:001
ApplicationType:1

, buflen=335
2015-01-01 15:40:16 IN asm_transaction.cpp-33L (-1230931136): DEBUG => sm_setup msg :SETUP rtsp://127.0.0.1:6608 RTSP/1.0
CSeq:19493
Require:com.comcast.ngod.s7
OnDemandSessionId:3b9f3742-9c75-4e4f-b133-a664d7e960a9
SessionGroup:SM1
Transport:MP2T/DVBC/UDP;unicast;client=00AF123456DE;destination=127.0.0.1;client_port=7000;bandwidth=2700000
StreamControlProto:priority=1
ApplicationId:001
ApplicationType:1

 len:335
2015-01-01 15:40:16 IN asm_communication_module.cpp-72L (-1230931136): SYSINFO => connecting...127.0.0.1:7777
2015-01-01 15:40:16 IN asm_task_control_module.cpp-285L (-1230931136): DEBUG => pthread exit
